<?xml version="1.0" encoding="UTF-8"?>
<!-- Generated by org.testng.reporters.JUnitXMLReporter -->
<testsuite ignored="0" hostname="XYZ" failures="1" tests="2" name="Default test" time="19.338" errors="0" timestamp="2020-06-10T11:39:36 IST">
  <testcase classname="io.cucumber.testng.AbstractTestNGCucumberTests" name="runScenario" time="5.36"/>
  <testcase classname="io.cucumber.testng.AbstractTestNGCucumberTests" name="runScenario" time="13.488">
    <failure type="org.openqa.selenium.SessionNotCreatedException" message="session not created
from chrome not reachable
  (Session info: chrome=83.0.4103.97)
Build info: version: &amp;apos;3.141.59&amp;apos;, revision: &amp;apos;e82be7d358&amp;apos;, time: &amp;apos;2018-11-14T08:17:03&amp;apos;
System info: host: &amp;apos;XYZ&amp;apos;, ip: &amp;apos;192.168.0.129&amp;apos;, os.name: &amp;apos;Windows 10&amp;apos;, os.arch: &amp;apos;amd64&amp;apos;, os.version: &amp;apos;10.0&amp;apos;, java.version: &amp;apos;11.0.7&amp;apos;
Driver info: driver.version: ChromeDriver
remote stacktrace: Backtrace:
	Ordinal0 [0x00D79443+2724931]
	Ordinal0 [0x00C78421+1672225]
	Ordinal0 [0x00B601E2+524770]
	Ordinal0 [0x00B59992+498066]
	Ordinal0 [0x00B5A07B+499835]
	Ordinal0 [0x00B5AFD5+503765]
	Ordinal0 [0x00B56974+485748]
	Ordinal0 [0x00B60FD0+528336]
	Ordinal0 [0x00B0D6C9+186057]
	Ordinal0 [0x00B0CA3D+182845]
	Ordinal0 [0x00B0A94B+174411]
	Ordinal0 [0x00AF2528+75048]
	Ordinal0 [0x00AF35A0+79264]
	Ordinal0 [0x00AF3539+79161]
	Ordinal0 [0x00C8D4D7+1758423]
	GetHandleVerifier [0x00E95D96+1050070]
	GetHandleVerifier [0x00E95AE1+1049377]
	GetHandleVerifier [0x00EA0927+1093991]
	GetHandleVerifier [0x00E96396+1051606]
	Ordinal0 [0x00C859D6+1726934]
	Ordinal0 [0x00C8EA4B+1763915]
	Ordinal0 [0x00C8EBB3+1764275]
	Ordinal0 [0x00CA4AD5+1854165]
	BaseThreadInitThunk [0x7671F989+25]
	RtlGetAppContainerNamedObjectPath [0x77147084+228]
	RtlGetAppContainerNamedObjectPath [0x77147054+180]
">
      <![CDATA[org.openqa.selenium.SessionNotCreatedException: session not created
from chrome not reachable
  (Session info: chrome=83.0.4103.97)
Build info: version: '3.141.59', revision: 'e82be7d358', time: '2018-11-14T08:17:03'
System info: host: 'XYZ', ip: '192.168.0.129', os.name: 'Windows 10', os.arch: 'amd64', os.version: '10.0', java.version: '11.0.7'
Driver info: driver.version: ChromeDriver
remote stacktrace: Backtrace:
Ordinal0 [0x00D79443+2724931]
Ordinal0 [0x00C78421+1672225]
Ordinal0 [0x00B601E2+524770]
Ordinal0 [0x00B59992+498066]
Ordinal0 [0x00B5A07B+499835]
Ordinal0 [0x00B5AFD5+503765]
Ordinal0 [0x00B56974+485748]
Ordinal0 [0x00B60FD0+528336]
Ordinal0 [0x00B0D6C9+186057]
Ordinal0 [0x00B0CA3D+182845]
Ordinal0 [0x00B0A94B+174411]
Ordinal0 [0x00AF2528+75048]
Ordinal0 [0x00AF35A0+79264]
Ordinal0 [0x00AF3539+79161]
Ordinal0 [0x00C8D4D7+1758423]
GetHandleVerifier [0x00E95D96+1050070]
GetHandleVerifier [0x00E95AE1+1049377]
GetHandleVerifier [0x00EA0927+1093991]
GetHandleVerifier [0x00E96396+1051606]
Ordinal0 [0x00C859D6+1726934]
Ordinal0 [0x00C8EA4B+1763915]
Ordinal0 [0x00C8EBB3+1764275]
Ordinal0 [0x00CA4AD5+1854165]
BaseThreadInitThunk [0x7671F989+25]
RtlGetAppContainerNamedObjectPath [0x77147084+228]
RtlGetAppContainerNamedObjectPath [0x77147054+180]

at java.base/jdk.internal.reflect.NativeConstructorAccessorImpl.newInstance0(Native Method)
at java.base/jdk.internal.reflect.NativeConstructorAccessorImpl.newInstance(NativeConstructorAccessorImpl.java:62)
at java.base/jdk.internal.reflect.DelegatingConstructorAccessorImpl.newInstance(DelegatingConstructorAccessorImpl.java:45)
at java.base/java.lang.reflect.Constructor.newInstance(Constructor.java:490)
at org.openqa.selenium.remote.W3CHandshakeResponse.lambda$errorHandler$0(W3CHandshakeResponse.java:62)
at org.openqa.selenium.remote.HandshakeResponse.lambda$getResponseFunction$0(HandshakeResponse.java:30)
at org.openqa.selenium.remote.ProtocolHandshake.lambda$createSession$0(ProtocolHandshake.java:126)
at java.base/java.util.stream.ReferencePipeline$3$1.accept(ReferencePipeline.java:195)
at java.base/java.util.Spliterators$ArraySpliterator.tryAdvance(Spliterators.java:958)
at java.base/java.util.stream.ReferencePipeline.forEachWithCancel(ReferencePipeline.java:127)
at java.base/java.util.stream.AbstractPipeline.copyIntoWithCancel(AbstractPipeline.java:502)
at java.base/java.util.stream.AbstractPipeline.copyInto(AbstractPipeline.java:488)
at java.base/java.util.stream.AbstractPipeline.wrapAndCopyInto(AbstractPipeline.java:474)
at java.base/java.util.stream.FindOps$FindOp.evaluateSequential(FindOps.java:150)
at java.base/java.util.stream.AbstractPipeline.evaluate(AbstractPipeline.java:234)
at java.base/java.util.stream.ReferencePipeline.findFirst(ReferencePipeline.java:543)
at org.openqa.selenium.remote.ProtocolHandshake.createSession(ProtocolHandshake.java:128)
at org.openqa.selenium.remote.ProtocolHandshake.createSession(ProtocolHandshake.java:74)
at org.openqa.selenium.remote.HttpCommandExecutor.execute(HttpCommandExecutor.java:136)
at org.openqa.selenium.remote.service.DriverCommandExecutor.execute(DriverCommandExecutor.java:83)
at org.openqa.selenium.remote.RemoteWebDriver.execute(RemoteWebDriver.java:552)
at org.openqa.selenium.remote.RemoteWebDriver.startSession(RemoteWebDriver.java:213)
at org.openqa.selenium.remote.RemoteWebDriver.<init>(RemoteWebDriver.java:131)
at org.openqa.selenium.chrome.ChromeDriver.<init>(ChromeDriver.java:181)
at org.openqa.selenium.chrome.ChromeDriver.<init>(ChromeDriver.java:168)
at org.openqa.selenium.chrome.ChromeDriver.<init>(ChromeDriver.java:123)
at com.stepdef.sd1.user_is_at_homepage(sd1.java:39)
at âœ½.user is at homepage(file:///C:/Users/Ravi/eclipse-workspace/Cucumber_Demo/src/test/resources/com.features/abc.feature:18)
]]>
    </failure>
  </testcase> <!-- runScenario -->
</testsuite> <!-- Default test -->
